rm simulated_device
dd if=/dev/zero of=simulated_device bs=1024 count=99
99+0 records in
99+0 records out
101376 bytes (101 kB) copied, 0.00250358 s, 40.5 MB/s
./test1 2>&1 | tee test1.out
od -Ax -c simulated_device > test1.od-c
od -Ax -X simulated_device > test1.od-X
cat test1.od-X
000000 aaa1babf 00000000 00000001 00000003
000010 00000063 00000002 00000000 00000000
000020 00000000 00000000 00000000 00000000
*
000400 bacababf 000000e1 00000001 00000005
000410 00000000 000000e0 00000001 00000002
000420 00000001 000000e1 00000001 00000002
000430 00000002 000000e2 00000001 00000002
000440 00000003 000000e3 00000001 00000002
000450 00000004 000000e4 00000001 00000002
000460 00000000 00000000 00000000 00000000
*
000800 bacababf 000100e2 00000002 00000005
000810 00000000 000000e0 00000001 00000400
000820 00000001 000000e1 00000001 00000400
000830 00000002 000000e2 00000001 00000400
000840 00000003 000000e3 00000001 00000400
000850 00000004 000000e4 00000001 00000400
000860 00000000 00000000 00000000 00000000
*
000c00 bacababf 000000e3 00000003 00000001
000c10 00000000 000000f0 00000000 00000004
000c20 00000000 00000000 00000000 00000000
*
001000 bacababf 000100e4 00000004 00000001
001010 00000000 000000f0 00000000 00000400
001020 00000000 00000000 00000000 00000000
*
018c00
